<?xml version="1.0" encoding="UTF-8"?>
<!-- Generated by org.testng.reporters.JUnitReportReporter -->
<testsuite skipped="0" hostname="LAPTOP-6BQO1PBJ" name="badge.api.sanity.Recipients_APItest" tests="6" failures="0" timestamp="2020-08-12T18:57:17 IST" time="24.821" errors="0">
  <testcase name="verifyCorrectBadgeID" time="3.703" classname="badge.api.sanity.Recipients_APItest"/>
  <system-out/>
  <testcase name="verifyStatusCodeWith101" time="3.849" classname="badge.api.sanity.Recipients_APItest"/>
  <system-out/>
  <testcase name="StatusCodeVerification" time="6.971" classname="badge.api.sanity.Recipients_APItest"/>
  <system-out/>
  <testcase name="getResponseContent" time="3.304" classname="badge.api.sanity.Recipients_APItest"/>
  <system-out/>
  <testcase name="verifyContentWithPageSize" time="3.874" classname="badge.api.sanity.Recipients_APItest"/>
  <system-out/>
  <testcase name="getResponseBody" time="3.120" classname="badge.api.sanity.Recipients_APItest"/>
  <system-out/>
</testsuite> <!-- badge.api.sanity.Recipients_APItest -->
