<?xml version="1.0" encoding="UTF-8"?>
<!-- Generated by org.testng.reporters.JUnitReportReporter -->
<testsuite skipped="0" hostname="LAPTOP-6BQO1PBJ" name="basicTest.ID_APItest" tests="9" failures="0" timestamp="2020-08-12T18:40:35 IST" time="70.664" errors="0">
  <testcase name="verifyBadgeIDMapping" time="5.558" classname="basicTest.ID_APItest"/>
  <system-out/>
  <testcase name="getResponseContentType" time="3.325" classname="basicTest.ID_APItest"/>
  <system-out/>
  <testcase name="verifySemicolonDelimiter" time="4.457" classname="basicTest.ID_APItest"/>
  <system-out/>
  <testcase name="StatusCodeVerificationWithoutParameters" time="3.564" classname="basicTest.ID_APItest"/>
  <system-out/>
  <testcase name="verifyBadgeIDInputNegative" time="35.089" classname="basicTest.ID_APItest"/>
  <system-out/>
  <testcase name="multipleBadgeIDLimit100" time="5.541" classname="basicTest.ID_APItest"/>
  <system-out/>
  <testcase name="getResponseBody" time="3.534" classname="basicTest.ID_APItest"/>
  <system-out/>
  <testcase name="multipleBadgeIDLimit101" time="6.524" classname="basicTest.ID_APItest"/>
  <system-out/>
  <testcase name="StatusCodeVerification" time="3.072" classname="basicTest.ID_APItest"/>
  <system-out/>
</testsuite> <!-- basicTest.ID_APItest -->
