<?xml version="1.0" encoding="UTF-8"?>
<!-- Generated by org.testng.reporters.JUnitReportReporter -->
<testsuite skipped="0" hostname="LAPTOP-6BQO1PBJ" name="badge.api.sanity.Tags_APItest" tests="5" failures="0" timestamp="2020-08-12T18:57:17 IST" time="15.963" errors="0">
  <testcase name="verifyDefaultSort" time="3.390" classname="badge.api.sanity.Tags_APItest"/>
  <system-out/>
  <testcase name="verifyRank" time="2.989" classname="badge.api.sanity.Tags_APItest"/>
  <system-out/>
  <testcase name="verifyResponseContent" time="4.441" classname="badge.api.sanity.Tags_APItest"/>
  <system-out/>
  <testcase name="getResponseBody" time="2.889" classname="badge.api.sanity.Tags_APItest"/>
  <system-out/>
  <testcase name="StatusCodeVerification" time="2.254" classname="badge.api.sanity.Tags_APItest"/>
  <system-out/>
</testsuite> <!-- badge.api.sanity.Tags_APItest -->
