<?xml version="1.0" encoding="UTF-8"?>
<!-- Generated by org.testng.reporters.JUnitReportReporter -->
<testsuite skipped="0" hostname="LAPTOP-6BQO1PBJ" name="badge.api.sanity.ID_APItest" tests="9" failures="0" timestamp="2020-08-12T19:12:18 IST" time="43.815" errors="0">
  <testcase name="verifyBadgeIDInputNegative" time="4.024" classname="badge.api.sanity.ID_APItest"/>
  <system-out/>
  <testcase name="getResponseContentType" time="3.298" classname="badge.api.sanity.ID_APItest"/>
  <system-out/>
  <testcase name="verifyBadgeIDMapping" time="2.759" classname="badge.api.sanity.ID_APItest"/>
  <system-out/>
  <testcase name="multipleBadgeIDLimit100" time="6.201" classname="badge.api.sanity.ID_APItest"/>
  <system-out/>
  <testcase name="getResponseBody" time="6.774" classname="badge.api.sanity.ID_APItest"/>
  <system-out/>
  <testcase name="verifySemicolonDelimiter" time="4.596" classname="badge.api.sanity.ID_APItest"/>
  <system-out/>
  <testcase name="StatusCodeVerificationWithoutParameters" time="7.496" classname="badge.api.sanity.ID_APItest"/>
  <system-out/>
  <testcase name="StatusCodeVerification" time="4.575" classname="badge.api.sanity.ID_APItest"/>
  <system-out/>
  <testcase name="multipleBadgeIDLimit101" time="4.092" classname="badge.api.sanity.ID_APItest"/>
  <system-out/>
</testsuite> <!-- badge.api.sanity.ID_APItest -->
