<?xml version="1.0" encoding="UTF-8"?>
<!-- Generated by org.testng.reporters.JUnitReportReporter -->
<testsuite skipped="0" hostname="LAPTOP-6BQO1PBJ" name="basicTest.verifyUsageOfBadgesID" tests="2" failures="0" timestamp="2020-08-10T16:57:25 IST" time="9.996" errors="0">
  <testcase name="getResponseBody" time="4.414" classname="basicTest.verifyUsageOfBadgesID"/>
  <system-out/>
  <testcase name="StatusCodeVerification" time="5.582" classname="basicTest.verifyUsageOfBadgesID"/>
  <system-out/>
</testsuite> <!-- basicTest.verifyUsageOfBadgesID -->
