<?xml version="1.0" encoding="UTF-8"?>
<!-- Generated by org.testng.reporters.JUnitReportReporter -->
<testsuite skipped="0" hostname="LAPTOP-6BQO1PBJ" name="badge.api.sanity.Recipients_APItest" tests="6" failures="0" timestamp="2020-08-12T19:12:18 IST" time="52.347" errors="0">
  <testcase name="verifyContentWithPageSize" time="3.989" classname="badge.api.sanity.Recipients_APItest"/>
  <system-out/>
  <testcase name="getResponseContent" time="2.558" classname="badge.api.sanity.Recipients_APItest"/>
  <system-out/>
  <testcase name="StatusCodeVerification" time="35.824" classname="badge.api.sanity.Recipients_APItest"/>
  <system-out/>
  <testcase name="verifyCorrectBadgeID" time="4.128" classname="badge.api.sanity.Recipients_APItest"/>
  <system-out/>
  <testcase name="getResponseBody" time="2.380" classname="badge.api.sanity.Recipients_APItest"/>
  <system-out/>
  <testcase name="verifyStatusCodeWith101" time="3.468" classname="badge.api.sanity.Recipients_APItest"/>
  <system-out/>
</testsuite> <!-- badge.api.sanity.Recipients_APItest -->
