<?xml version="1.0" encoding="UTF-8"?>
<!-- Generated by org.testng.reporters.JUnitReportReporter -->
<testsuite skipped="0" hostname="LAPTOP-6BQO1PBJ" name="basicTest.Tags_APItest$ID_APItest" tests="5" failures="0" timestamp="2020-08-12T18:32:28 IST" time="17.940" errors="0">
  <testcase name="getResponseBody" time="4.391" classname="basicTest.Tags_APItest$ID_APItest"/>
  <system-out/>
  <testcase name="verifyDefaultSort" time="3.652" classname="basicTest.Tags_APItest$ID_APItest"/>
  <system-out/>
  <testcase name="verifyRank" time="2.531" classname="basicTest.Tags_APItest$ID_APItest"/>
  <system-out/>
  <testcase name="verifyResponseContent" time="3.152" classname="basicTest.Tags_APItest$ID_APItest"/>
  <system-out/>
  <testcase name="StatusCodeVerification" time="4.214" classname="basicTest.Tags_APItest$ID_APItest"/>
  <system-out/>
</testsuite> <!-- basicTest.Tags_APItest$ID_APItest -->
