<?xml version="1.0" encoding="UTF-8"?>
<!-- Generated by org.testng.reporters.JUnitReportReporter -->
<testsuite skipped="1" hostname="LAPTOP-6BQO1PBJ" name="basicTest.verifyRecipients" tests="3" failures="0" timestamp="2020-08-11T14:41:08 IST" time="5.756" errors="0">
  <testcase name="verifyRank" time="2.523" classname="basicTest.verifyRecipients"/>
  <system-out/>
  <testcase name="StatusCodeVerification" time="3.233" classname="basicTest.verifyRecipients"/>
  <system-out/>
  <testcase name="getResponseBody" classname="basicTest.verifyRecipients">
    <skipped/>
  </testcase> <!-- getResponseBody -->
  <system-out/>
</testsuite> <!-- basicTest.verifyRecipients -->
