<?xml version="1.0" encoding="UTF-8"?>
<!-- Generated by org.testng.reporters.JUnitReportReporter -->
<testsuite skipped="0" hostname="LAPTOP-6BQO1PBJ" name="basicTest.Tags_APItest" tests="5" failures="0" timestamp="2020-08-12T18:40:35 IST" time="43.911" errors="0">
  <testcase name="verifyRank" time="6.504" classname="basicTest.Tags_APItest"/>
  <system-out/>
  <testcase name="StatusCodeVerification" time="3.443" classname="basicTest.Tags_APItest"/>
  <system-out/>
  <testcase name="verifyResponseContent" time="15.211" classname="basicTest.Tags_APItest"/>
  <system-out/>
  <testcase name="verifyDefaultSort" time="3.998" classname="basicTest.Tags_APItest"/>
  <system-out/>
  <testcase name="getResponseBody" time="14.755" classname="basicTest.Tags_APItest"/>
  <system-out/>
</testsuite> <!-- basicTest.Tags_APItest -->
