<?xml version="1.0" encoding="UTF-8"?>
<!-- Generated by org.testng.reporters.JUnitReportReporter -->
<testsuite skipped="0" hostname="LAPTOP-6BQO1PBJ" name="badge.api.sanity.Tags_APItest" tests="5" failures="0" timestamp="2020-08-12T19:12:18 IST" time="18.103" errors="0">
  <testcase name="verifyDefaultSort" time="2.617" classname="badge.api.sanity.Tags_APItest"/>
  <system-out/>
  <testcase name="verifyRank" time="5.729" classname="badge.api.sanity.Tags_APItest"/>
  <system-out/>
  <testcase name="StatusCodeVerification" time="3.161" classname="badge.api.sanity.Tags_APItest"/>
  <system-out/>
  <testcase name="verifyResponseContent" time="3.927" classname="badge.api.sanity.Tags_APItest"/>
  <system-out/>
  <testcase name="getResponseBody" time="2.669" classname="badge.api.sanity.Tags_APItest"/>
  <system-out/>
</testsuite> <!-- badge.api.sanity.Tags_APItest -->
