<?xml version="1.0" encoding="UTF-8"?>
<!-- Generated by org.testng.reporters.JUnitReportReporter -->
<testsuite skipped="0" hostname="LAPTOP-6BQO1PBJ" name="basicTest.Recipients_APItest" tests="6" failures="0" timestamp="2020-08-12T18:40:35 IST" time="20.770" errors="0">
  <testcase name="verifyCorrectBadgeID" time="3.048" classname="basicTest.Recipients_APItest"/>
  <system-out/>
  <testcase name="verifyStatusCodeWith101" time="2.829" classname="basicTest.Recipients_APItest"/>
  <system-out/>
  <testcase name="StatusCodeVerification" time="4.199" classname="basicTest.Recipients_APItest"/>
  <system-out/>
  <testcase name="getResponseCntent" time="3.261" classname="basicTest.Recipients_APItest"/>
  <system-out/>
  <testcase name="verifyContentWithPageSize" time="3.936" classname="basicTest.Recipients_APItest"/>
  <system-out/>
  <testcase name="getResponseBody" time="3.497" classname="basicTest.Recipients_APItest"/>
  <system-out/>
</testsuite> <!-- basicTest.Recipients_APItest -->
